#
# A fatal error has been detected by the Java Runtime Environment:
#
#  Internal Error (classFileParser.cpp:3494), pid=14146, tid=139857009649408
#  Error: ShouldNotReachHere()
#
# JRE version: 6.0_22-b22
# Java VM: OpenJDK 64-Bit Server VM (20.0-b11 mixed mode linux-amd64 compressed oops)
# Derivative: IcedTea6 1.10.4
# Distribution: Ubuntu 11.04, package 6b22-1.10.4-0ubuntu1~11.04.1
# If you would like to submit a bug report, please include
# instructions how to reproduce the bug and visit:
#   https://bugs.launchpad.net/ubuntu/+source/openjdk-6/
#

---------------  T H R E A D  ---------------

Current thread (0x0000000001b4e800):  JavaThread "Unknown thread" [_thread_in_vm, id=14147, stack(0x00007f32ff512000,0x00007f32ff613000)]

Stack: [0x00007f32ff512000,0x00007f32ff613000],  sp=0x00007f32ff611040,  free space=1020k
Native frames: (J=compiled Java code, j=interpreted, Vv=VM code, C=native code)
V  [libjvm.so+0x7d02d4]  VMError::report(outputStream*)+0x1244
V  [libjvm.so+0x7d0589]  VMError::report_and_die()+0x169
V  [libjvm.so+0x3d20ba]  report_vm_error(char const*, int, char const*, char const*)+0x4a
V  [libjvm.so+0x365103]  ClassFileParser::parseClassFile(symbolHandle, Handle, Handle, KlassHandle, GrowableArray<Handle>*, symbolHandle&, bool, Thread*)+0x1553
V  [libjvm.so+0x36a083]  ClassLoader::load_classfile(symbolHandle, Thread*)+0x1f3
V  [libjvm.so+0x76009f]  SystemDictionary::load_instance_class(symbolHandle, Handle, Thread*)+0x3af
V  [libjvm.so+0x75e768]  SystemDictionary::resolve_instance_class_or_null(symbolHandle, Handle, Handle, Thread*)+0x738
V  [libjvm.so+0x7606e3]  SystemDictionary::resolve_or_fail(symbolHandle, Handle, Handle, bool, Thread*)+0x33
V  [libjvm.so+0x7607c4]  SystemDictionary::resolve_or_fail(symbolHandle, bool, Thread*)+0x14
V  [libjvm.so+0x760865]  SystemDictionary::initialize_wk_klass(SystemDictionary::WKID, int, Thread*)+0x95
V  [libjvm.so+0x7608c9]  SystemDictionary::initialize_wk_klasses_until(SystemDictionary::WKID, SystemDictionary::WKID&, Thread*)+0x59
V  [libjvm.so+0x7609c1]  SystemDictionary::initialize_preloaded_classes(Thread*)+0x71
V  [libjvm.so+0x7a72ff]  Universe::genesis(Thread*)+0x12f
V  [libjvm.so+0x7a7c8f]  universe2_init()+0x1f
V  [libjvm.so+0x48dbf5]  init_globals()+0x95
V  [libjvm.so+0x7915eb]  Threads::create_vm(JavaVMInitArgs*, bool*)+0x1ab
V  [libjvm.so+0x4eb300]  JNI_CreateJavaVM+0x80
C  [java+0x1eee]  JavaMain+0x7e


---------------  P R O C E S S  ---------------

Java Threads: ( => current thread )

Other Threads:

=>0x0000000001b4e800 (exited) JavaThread "Unknown thread" [_thread_in_vm, id=14147, stack(0x00007f32ff512000,0x00007f32ff613000)]

VM state:not at safepoint (not fully initialized)

VM Mutex/Monitor currently owned by a thread: None

Dynamic libraries:
00400000-00409000 r-xp 00000000 08:07 8001484                            /usr/lib/jvm/java-6-openjdk/jre/bin/java
00608000-00609000 r--p 00008000 08:07 8001484                            /usr/lib/jvm/java-6-openjdk/jre/bin/java
00609000-0060a000 rw-p 00009000 08:07 8001484                            /usr/lib/jvm/java-6-openjdk/jre/bin/java
01b44000-01bda000 rw-p 00000000 00:00 0                                  [heap]
77ac00000-77c0c0000 rw-p 00000000 00:00 0 
77c0c0000-785200000 rw-p 00000000 00:00 0 
785200000-78a3f0000 rw-p 00000000 00:00 0 
78a3f0000-7d70b0000 rw-p 00000000 00:00 0 
7d70b0000-7d99a0000 rw-p 00000000 00:00 0 
7d99a0000-800000000 rw-p 00000000 00:00 0 
7f32f8859000-7f32f88cf000 r--s 00902000 08:07 5256612                    /home/qlong/android-sdks/platforms/android-10/android.jar
7f32f88cf000-7f32f88f7000 rw-p 00000000 00:00 0 
7f32f88f7000-7f32f88f8000 ---p 00000000 00:00 0 
7f32f88f8000-7f32f89f8000 rw-p 00000000 00:00 0 
7f32f89f8000-7f32f89f9000 ---p 00000000 00:00 0 
7f32f89f9000-7f32f8af9000 rw-p 00000000 00:00 0 
7f32f8af9000-7f32f8afa000 ---p 00000000 00:00 0 
7f32f8afa000-7f32f8bfa000 rw-p 00000000 00:00 0 
7f32f8bfa000-7f32f8bfb000 ---p 00000000 00:00 0 
7f32f8bfb000-7f32f8d06000 rw-p 00000000 00:00 0 
7f32f8d06000-7f32f8d4e000 rw-p 00000000 00:00 0 
7f32f8d4e000-7f32f8d77000 rw-p 00000000 00:00 0 
7f32f8d77000-7f32f8fde000 rw-p 00000000 00:00 0 
7f32f8fde000-7f32f8fe9000 rw-p 00000000 00:00 0 
7f32f8fe9000-7f32f9031000 rw-p 00000000 00:00 0 
7f32f9031000-7f32f905a000 rw-p 00000000 00:00 0 
7f32f905a000-7f32f92c0000 rw-p 00000000 00:00 0 
7f32f92c0000-7f32f92d5000 rw-p 00000000 00:00 0 
7f32f92d5000-7f32f9408000 rw-p 00000000 00:00 0 
7f32f9408000-7f32f9409000 rw-p 00000000 00:00 0 
7f32f9409000-7f32f9679000 rwxp 00000000 00:00 0 
7f32f9679000-7f32fc409000 rw-p 00000000 00:00 0 
7f32fc409000-7f32fc410000 r-xp 00000000 08:07 8001544                    /usr/lib/jvm/java-6-openjdk/jre/lib/amd64/libzip.so
7f32fc410000-7f32fc60f000 ---p 00007000 08:07 8001544                    /usr/lib/jvm/java-6-openjdk/jre/lib/amd64/libzip.so
7f32fc60f000-7f32fc610000 r--p 00006000 08:07 8001544                    /usr/lib/jvm/java-6-openjdk/jre/lib/amd64/libzip.so
7f32fc610000-7f32fc611000 rw-p 00007000 08:07 8001544                    /usr/lib/jvm/java-6-openjdk/jre/lib/amd64/libzip.so
7f32fc611000-7f32fc61d000 r-xp 00000000 08:07 5770965                    /lib/x86_64-linux-gnu/libnss_files-2.13.so
7f32fc61d000-7f32fc81c000 ---p 0000c000 08:07 5770965                    /lib/x86_64-linux-gnu/libnss_files-2.13.so
7f32fc81c000-7f32fc81d000 r--p 0000b000 08:07 5770965                    /lib/x86_64-linux-gnu/libnss_files-2.13.so
7f32fc81d000-7f32fc81e000 rw-p 0000c000 08:07 5770965                    /lib/x86_64-linux-gnu/libnss_files-2.13.so
7f32fc81e000-7f32fc829000 r-xp 00000000 08:07 5770969                    /lib/x86_64-linux-gnu/libnss_nis-2.13.so
7f32fc829000-7f32fca28000 ---p 0000b000 08:07 5770969                    /lib/x86_64-linux-gnu/libnss_nis-2.13.so
7f32fca28000-7f32fca29000 r--p 0000a000 08:07 5770969                    /lib/x86_64-linux-gnu/libnss_nis-2.13.so
7f32fca29000-7f32fca2a000 rw-p 0000b000 08:07 5770969                    /lib/x86_64-linux-gnu/libnss_nis-2.13.so
7f32fca2a000-7f32fca32000 r-xp 00000000 08:07 5770961                    /lib/x86_64-linux-gnu/libnss_compat-2.13.so
7f32fca32000-7f32fcc31000 ---p 00008000 08:07 5770961                    /lib/x86_64-linux-gnu/libnss_compat-2.13.so
7f32fcc31000-7f32fcc32000 r--p 00007000 08:07 5770961                    /lib/x86_64-linux-gnu/libnss_compat-2.13.so
7f32fcc32000-7f32fcc33000 rw-p 00008000 08:07 5770961                    /lib/x86_64-linux-gnu/libnss_compat-2.13.so
7f32fcc33000-7f32fcc4a000 r-xp 00000000 08:07 5770959                    /lib/x86_64-linux-gnu/libnsl-2.13.so
7f32fcc4a000-7f32fce49000 ---p 00017000 08:07 5770959                    /lib/x86_64-linux-gnu/libnsl-2.13.so
7f32fce49000-7f32fce4a000 r--p 00016000 08:07 5770959                    /lib/x86_64-linux-gnu/libnsl-2.13.so
7f32fce4a000-7f32fce4b000 rw-p 00017000 08:07 5770959                    /lib/x86_64-linux-gnu/libnsl-2.13.so
7f32fce4b000-7f32fce4d000 rw-p 00000000 00:00 0 
7f32fce4d000-7f32fce79000 r-xp 00000000 08:07 8001542                    /usr/lib/jvm/java-6-openjdk/jre/lib/amd64/libjava.so
7f32fce79000-7f32fd078000 ---p 0002c000 08:07 8001542                    /usr/lib/jvm/java-6-openjdk/jre/lib/amd64/libjava.so
7f32fd078000-7f32fd079000 r--p 0002b000 08:07 8001542                    /usr/lib/jvm/java-6-openjdk/jre/lib/amd64/libjava.so
7f32fd079000-7f32fd07c000 rw-p 0002c000 08:07 8001542                    /usr/lib/jvm/java-6-openjdk/jre/lib/amd64/libjava.so
7f32fd07c000-7f32fd08a000 r-xp 00000000 08:07 8001514                    /usr/lib/jvm/java-6-openjdk/jre/lib/amd64/libverify.so
7f32fd08a000-7f32fd289000 ---p 0000e000 08:07 8001514                    /usr/lib/jvm/java-6-openjdk/jre/lib/amd64/libverify.so
7f32fd289000-7f32fd28b000 r--p 0000d000 08:07 8001514                    /usr/lib/jvm/java-6-openjdk/jre/lib/amd64/libverify.so
7f32fd28b000-7f32fd28c000 rw-p 0000f000 08:07 8001514                    /usr/lib/jvm/java-6-openjdk/jre/lib/amd64/libverify.so
7f32fd28c000-7f32fd293000 r-xp 00000000 08:07 5770988                    /lib/x86_64-linux-gnu/librt-2.13.so
7f32fd293000-7f32fd492000 ---p 00007000 08:07 5770988                    /lib/x86_64-linux-gnu/librt-2.13.so
7f32fd492000-7f32fd493000 r--p 00006000 08:07 5770988                    /lib/x86_64-linux-gnu/librt-2.13.so
7f32fd493000-7f32fd494000 rw-p 00007000 08:07 5770988                    /lib/x86_64-linux-gnu/librt-2.13.so
7f32fd494000-7f32fd4a9000 r-xp 00000000 08:07 5770947                    /lib/x86_64-linux-gnu/libgcc_s.so.1
7f32fd4a9000-7f32fd6a8000 ---p 00015000 08:07 5770947                    /lib/x86_64-linux-gnu/libgcc_s.so.1
7f32fd6a8000-7f32fd6a9000 r--p 00014000 08:07 5770947                    /lib/x86_64-linux-gnu/libgcc_s.so.1
7f32fd6a9000-7f32fd6aa000 rw-p 00015000 08:07 5770947                    /lib/x86_64-linux-gnu/libgcc_s.so.1
7f32fd6aa000-7f32fd72e000 r-xp 00000000 08:07 5770956                    /lib/x86_64-linux-gnu/libm-2.13.so
7f32fd72e000-7f32fd92d000 ---p 00084000 08:07 5770956                    /lib/x86_64-linux-gnu/libm-2.13.so
7f32fd92d000-7f32fd92e000 r--p 00083000 08:07 5770956                    /lib/x86_64-linux-gnu/libm-2.13.so
7f32fd92e000-7f32fd92f000 rw-p 00084000 08:07 5770956                    /lib/x86_64-linux-gnu/libm-2.13.so
7f32fd92f000-7f32fda17000 r-xp 00000000 08:07 6824301                    /usr/lib/x86_64-linux-gnu/libstdc++.so.6.0.14
7f32fda17000-7f32fdc16000 ---p 000e8000 08:07 6824301                    /usr/lib/x86_64-linux-gnu/libstdc++.so.6.0.14
7f32fdc16000-7f32fdc1e000 r--p 000e7000 08:07 6824301                    /usr/lib/x86_64-linux-gnu/libstdc++.so.6.0.14
7f32fdc1e000-7f32fdc20000 rw-p 000ef000 08:07 6824301                    /usr/lib/x86_64-linux-gnu/libstdc++.so.6.0.14
7f32fdc20000-7f32fdc35000 rw-p 00000000 00:00 0 
7f32fdc35000-7f32fe58a000 r-xp 00000000 08:07 8001548                    /usr/lib/jvm/java-6-openjdk/jre/lib/amd64/server/libjvm.so
7f32fe58a000-7f32fe789000 ---p 00955000 08:07 8001548                    /usr/lib/jvm/java-6-openjdk/jre/lib/amd64/server/libjvm.so
7f32fe789000-7f32fe80a000 r--p 00954000 08:07 8001548                    /usr/lib/jvm/java-6-openjdk/jre/lib/amd64/server/libjvm.so
7f32fe80a000-7f32fe825000 rw-p 009d5000 08:07 8001548                    /usr/lib/jvm/java-6-openjdk/jre/lib/amd64/server/libjvm.so
7f32fe825000-7f32fe84e000 rw-p 00000000 00:00 0 
7f32fe84e000-7f32fe9d8000 r-xp 00000000 08:07 5770919                    /lib/x86_64-linux-gnu/libc-2.13.so
7f32fe9d8000-7f32febd7000 ---p 0018a000 08:07 5770919                    /lib/x86_64-linux-gnu/libc-2.13.so
7f32febd7000-7f32febdb000 r--p 00189000 08:07 5770919                    /lib/x86_64-linux-gnu/libc-2.13.so
7f32febdb000-7f32febdc000 rw-p 0018d000 08:07 5770919                    /lib/x86_64-linux-gnu/libc-2.13.so
7f32febdc000-7f32febe2000 rw-p 00000000 00:00 0 
7f32febe2000-7f32febe4000 r-xp 00000000 08:07 5770929                    /lib/x86_64-linux-gnu/libdl-2.13.so
7f32febe4000-7f32fede4000 ---p 00002000 08:07 5770929                    /lib/x86_64-linux-gnu/libdl-2.13.so
7f32fede4000-7f32fede5000 r--p 00002000 08:07 5770929                    /lib/x86_64-linux-gnu/libdl-2.13.so
7f32fede5000-7f32fede6000 rw-p 00003000 08:07 5770929                    /lib/x86_64-linux-gnu/libdl-2.13.so
7f32fede6000-7f32fedea000 r-xp 00000000 08:07 8001510                    /usr/lib/jvm/java-6-openjdk/jre/lib/amd64/jli/libjli.so
7f32fedea000-7f32fefe9000 ---p 00004000 08:07 8001510                    /usr/lib/jvm/java-6-openjdk/jre/lib/amd64/jli/libjli.so
7f32fefe9000-7f32fefea000 r--p 00003000 08:07 8001510                    /usr/lib/jvm/java-6-openjdk/jre/lib/amd64/jli/libjli.so
7f32fefea000-7f32fefeb000 rw-p 00004000 08:07 8001510                    /usr/lib/jvm/java-6-openjdk/jre/lib/amd64/jli/libjli.so
7f32fefeb000-7f32ff003000 r-xp 00000000 08:07 5770984                    /lib/x86_64-linux-gnu/libpthread-2.13.so
7f32ff003000-7f32ff203000 ---p 00018000 08:07 5770984                    /lib/x86_64-linux-gnu/libpthread-2.13.so
7f32ff203000-7f32ff204000 r--p 00018000 08:07 5770984                    /lib/x86_64-linux-gnu/libpthread-2.13.so
7f32ff204000-7f32ff205000 rw-p 00019000 08:07 5770984                    /lib/x86_64-linux-gnu/libpthread-2.13.so
7f32ff205000-7f32ff209000 rw-p 00000000 00:00 0 
7f32ff209000-7f32ff220000 r-xp 00000000 08:07 5771002                    /lib/x86_64-linux-gnu/libz.so.1.2.3.4
7f32ff220000-7f32ff41f000 ---p 00017000 08:07 5771002                    /lib/x86_64-linux-gnu/libz.so.1.2.3.4
7f32ff41f000-7f32ff420000 r--p 00016000 08:07 5771002                    /lib/x86_64-linux-gnu/libz.so.1.2.3.4
7f32ff420000-7f32ff421000 rw-p 00017000 08:07 5771002                    /lib/x86_64-linux-gnu/libz.so.1.2.3.4
7f32ff421000-7f32ff442000 r-xp 00000000 08:07 5770906                    /lib/x86_64-linux-gnu/ld-2.13.so
7f32ff452000-7f32ff45c000 rw-p 00000000 00:00 0 
7f32ff45c000-7f32ff512000 rw-p 00000000 00:00 0 
7f32ff512000-7f32ff515000 ---p 00000000 00:00 0 
7f32ff515000-7f32ff618000 rw-p 00000000 00:00 0 
7f32ff635000-7f32ff63d000 rw-s 00000000 08:07 9963974                    /tmp/hsperfdata_qlong/14146
7f32ff63d000-7f32ff63e000 rw-p 00000000 00:00 0 
7f32ff63e000-7f32ff63f000 r--p 00000000 00:00 0 
7f32ff63f000-7f32ff641000 rw-p 00000000 00:00 0 
7f32ff641000-7f32ff642000 r--p 00020000 08:07 5770906                    /lib/x86_64-linux-gnu/ld-2.13.so
7f32ff642000-7f32ff644000 rw-p 00021000 08:07 5770906                    /lib/x86_64-linux-gnu/ld-2.13.so
7fffd8917000-7fffd8938000 rw-p 00000000 00:00 0                          [stack]
7fffd89ff000-7fffd8a00000 r-xp 00000000 00:00 0                          [vdso]
ffffffffff600000-ffffffffff601000 r-xp 00000000 00:00 0                  [vsyscall]

VM Arguments:
jvm_args: -Dfile.encoding=UTF-8 -Xbootclasspath:/home/qlong/android-sdks/platforms/android-10/android.jar 
java_command: com.sample.test.Main
Launcher Type: SUN_STANDARD

Environment Variables:
JAVA_HOME=/usr/lib/jvm/java-6-sun/jre
PATH=/usr/local/sbin:/usr/local/bin:/usr/sbin:/usr/bin:/sbin:/bin:/usr/games:/usr/bin/mh:/home/qlong/android-sdk-linux_x86/tools:/home/qlong/android-sdk-linux_x86/platform-tools
USERNAME=qlong
LD_LIBRARY_PATH=/usr/lib/jvm/java-6-openjdk/jre/lib/amd64/server:/usr/lib/jvm/java-6-openjdk/jre/lib/amd64:/usr/lib/jvm/java-6-openjdk/jre/../lib/amd64
SHELL=/bin/bash
DISPLAY=:0
HOSTTYPE=linux

Signal Handlers:
SIGSEGV: [libjvm.so+0x7d0fd0], sa_mask[0]=0x7ffbfeff, sa_flags=0x10000004
SIGBUS: [libjvm.so+0x7d0fd0], sa_mask[0]=0x7ffbfeff, sa_flags=0x10000004
SIGFPE: [libjvm.so+0x6837d0], sa_mask[0]=0x7ffbfeff, sa_flags=0x10000004
SIGPIPE: [libjvm.so+0x6837d0], sa_mask[0]=0x7ffbfeff, sa_flags=0x10000004
SIGXFSZ: [libjvm.so+0x6837d0], sa_mask[0]=0x7ffbfeff, sa_flags=0x10000004
SIGILL: [libjvm.so+0x6837d0], sa_mask[0]=0x7ffbfeff, sa_flags=0x10000004
SIGUSR1: SIG_DFL, sa_mask[0]=0x00000000, sa_flags=0x00000000
SIGUSR2: [libjvm.so+0x6839a0], sa_mask[0]=0x00000004, sa_flags=0x10000004
SIGHUP: SIG_DFL, sa_mask[0]=0x00000000, sa_flags=0x00000000
SIGINT: SIG_DFL, sa_mask[0]=0x00000000, sa_flags=0x00000000
SIGTERM: SIG_DFL, sa_mask[0]=0x00000000, sa_flags=0x00000000
SIGQUIT: SIG_DFL, sa_mask[0]=0x00000000, sa_flags=0x00000000


---------------  S Y S T E M  ---------------

OS:Ubuntu 11.04 (natty)
uname:Linux 2.6.38-13-generic #53-Ubuntu SMP Mon Nov 28 19:33:45 UTC 2011 x86_64
libc:glibc 2.13 NPTL 2.13 
rlimit: STACK 8192k, CORE 0k, NPROC infinity, NOFILE 4096, AS infinity
load average:0.02 0.07 0.06

/proc/meminfo:
MemTotal:        8052540 kB
MemFree:         2800252 kB
Buffers:          179376 kB
Cached:          2248820 kB
SwapCached:            0 kB
Active:          2962472 kB
Inactive:        1834768 kB
Active(anon):    2370456 kB
Inactive(anon):    20684 kB
Active(file):     592016 kB
Inactive(file):  1814084 kB
Unevictable:          64 kB
Mlocked:              64 kB
SwapTotal:       8244220 kB
SwapFree:        8244220 kB
Dirty:                96 kB
Writeback:             0 kB
AnonPages:       2369064 kB
Mapped:           283608 kB
Shmem:             22168 kB
Slab:             146896 kB
SReclaimable:     112552 kB
SUnreclaim:        34344 kB
KernelStack:        4192 kB
PageTables:        49100 kB
NFS_Unstable:          0 kB
Bounce:                0 kB
WritebackTmp:          0 kB
CommitLimit:    12270488 kB
Committed_AS:    5482528 kB
VmallocTotal:   34359738367 kB
VmallocUsed:      156300 kB
VmallocChunk:   34359554044 kB
HardwareCorrupted:     0 kB
HugePages_Total:       0
HugePages_Free:        0
HugePages_Rsvd:        0
HugePages_Surp:        0
Hugepagesize:       2048 kB
DirectMap4k:      205180 kB
DirectMap2M:     8108032 kB


CPU:total 4 (2 cores per cpu, 2 threads per core) family 6 model 37 stepping 2, cmov, cx8, fxsr, mmx, sse, sse2, sse3, ssse3, sse4.1, sse4.2, popcnt, ht

Memory: 4k page, physical 8052540k(2800252k free), swap 8244220k(8244220k free)

vm_info: OpenJDK 64-Bit Server VM (20.0-b11) for linux-amd64 JRE (1.6.0_22-b22), built on Oct 25 2011 06:09:07 by "buildd" with gcc 4.5.2

time: Thu Jan 12 22:38:25 2012
elapsed time: 0 seconds

