#
# A fatal error has been detected by the Java Runtime Environment:
#
#  Internal Error (classFileParser.cpp:3494), pid=2965, tid=139743175517952
#  Error: ShouldNotReachHere()
#
# JRE version: 6.0_22-b22
# Java VM: OpenJDK 64-Bit Server VM (20.0-b11 mixed mode linux-amd64 compressed oops)
# Derivative: IcedTea6 1.10.4
# Distribution: Ubuntu 11.04, package 6b22-1.10.4-0ubuntu1~11.04.1
# If you would like to submit a bug report, please include
# instructions how to reproduce the bug and visit:
#   https://bugs.launchpad.net/ubuntu/+source/openjdk-6/
#

---------------  T H R E A D  ---------------

Current thread (0x0000000001657800):  JavaThread "Unknown thread" [_thread_in_vm, id=2966, stack(0x00007f187e462000,0x00007f187e563000)]

Stack: [0x00007f187e462000,0x00007f187e563000],  sp=0x00007f187e561040,  free space=1020k
Native frames: (J=compiled Java code, j=interpreted, Vv=VM code, C=native code)
V  [libjvm.so+0x7d02d4]  VMError::report(outputStream*)+0x1244
V  [libjvm.so+0x7d0589]  VMError::report_and_die()+0x169
V  [libjvm.so+0x3d20ba]  report_vm_error(char const*, int, char const*, char const*)+0x4a
V  [libjvm.so+0x365103]  ClassFileParser::parseClassFile(symbolHandle, Handle, Handle, KlassHandle, GrowableArray<Handle>*, symbolHandle&, bool, Thread*)+0x1553
V  [libjvm.so+0x36a083]  ClassLoader::load_classfile(symbolHandle, Thread*)+0x1f3
V  [libjvm.so+0x76009f]  SystemDictionary::load_instance_class(symbolHandle, Handle, Thread*)+0x3af
V  [libjvm.so+0x75e768]  SystemDictionary::resolve_instance_class_or_null(symbolHandle, Handle, Handle, Thread*)+0x738
V  [libjvm.so+0x7606e3]  SystemDictionary::resolve_or_fail(symbolHandle, Handle, Handle, bool, Thread*)+0x33
V  [libjvm.so+0x7607c4]  SystemDictionary::resolve_or_fail(symbolHandle, bool, Thread*)+0x14
V  [libjvm.so+0x760865]  SystemDictionary::initialize_wk_klass(SystemDictionary::WKID, int, Thread*)+0x95
V  [libjvm.so+0x7608c9]  SystemDictionary::initialize_wk_klasses_until(SystemDictionary::WKID, SystemDictionary::WKID&, Thread*)+0x59
V  [libjvm.so+0x7609c1]  SystemDictionary::initialize_preloaded_classes(Thread*)+0x71
V  [libjvm.so+0x7a72ff]  Universe::genesis(Thread*)+0x12f
V  [libjvm.so+0x7a7c8f]  universe2_init()+0x1f
V  [libjvm.so+0x48dbf5]  init_globals()+0x95
V  [libjvm.so+0x7915eb]  Threads::create_vm(JavaVMInitArgs*, bool*)+0x1ab
V  [libjvm.so+0x4eb300]  JNI_CreateJavaVM+0x80
C  [java+0x1eee]  JavaMain+0x7e


---------------  P R O C E S S  ---------------

Java Threads: ( => current thread )

Other Threads:

=>0x0000000001657800 (exited) JavaThread "Unknown thread" [_thread_in_vm, id=2966, stack(0x00007f187e462000,0x00007f187e563000)]

VM state:not at safepoint (not fully initialized)

VM Mutex/Monitor currently owned by a thread: None

Dynamic libraries:
00400000-00409000 r-xp 00000000 08:07 8001484                            /usr/lib/jvm/java-6-openjdk/jre/bin/java
00608000-00609000 r--p 00008000 08:07 8001484                            /usr/lib/jvm/java-6-openjdk/jre/bin/java
00609000-0060a000 rw-p 00009000 08:07 8001484                            /usr/lib/jvm/java-6-openjdk/jre/bin/java
0164d000-016e3000 rw-p 00000000 00:00 0                                  [heap]
77ac00000-77c0c0000 rw-p 00000000 00:00 0 
77c0c0000-785200000 rw-p 00000000 00:00 0 
785200000-78a3f0000 rw-p 00000000 00:00 0 
78a3f0000-7d70b0000 rw-p 00000000 00:00 0 
7d70b0000-7d99a0000 rw-p 00000000 00:00 0 
7d99a0000-800000000 rw-p 00000000 00:00 0 
7f18777a9000-7f187781f000 r--s 00902000 08:07 5256612                    /home/qlong/android-sdks/platforms/android-10/android.jar
7f187781f000-7f1877847000 rw-p 00000000 00:00 0 
7f1877847000-7f1877848000 ---p 00000000 00:00 0 
7f1877848000-7f1877948000 rw-p 00000000 00:00 0 
7f1877948000-7f1877949000 ---p 00000000 00:00 0 
7f1877949000-7f1877a49000 rw-p 00000000 00:00 0 
7f1877a49000-7f1877a4a000 ---p 00000000 00:00 0 
7f1877a4a000-7f1877b4a000 rw-p 00000000 00:00 0 
7f1877b4a000-7f1877b4b000 ---p 00000000 00:00 0 
7f1877b4b000-7f1877c56000 rw-p 00000000 00:00 0 
7f1877c56000-7f1877c9e000 rw-p 00000000 00:00 0 
7f1877c9e000-7f1877cc7000 rw-p 00000000 00:00 0 
7f1877cc7000-7f1877f2e000 rw-p 00000000 00:00 0 
7f1877f2e000-7f1877f39000 rw-p 00000000 00:00 0 
7f1877f39000-7f1877f81000 rw-p 00000000 00:00 0 
7f1877f81000-7f1877faa000 rw-p 00000000 00:00 0 
7f1877faa000-7f1878210000 rw-p 00000000 00:00 0 
7f1878210000-7f1878225000 rw-p 00000000 00:00 0 
7f1878225000-7f1878358000 rw-p 00000000 00:00 0 
7f1878358000-7f1878359000 rw-p 00000000 00:00 0 
7f1878359000-7f18785c9000 rwxp 00000000 00:00 0 
7f18785c9000-7f187b359000 rw-p 00000000 00:00 0 
7f187b359000-7f187b360000 r-xp 00000000 08:07 8001544                    /usr/lib/jvm/java-6-openjdk/jre/lib/amd64/libzip.so
7f187b360000-7f187b55f000 ---p 00007000 08:07 8001544                    /usr/lib/jvm/java-6-openjdk/jre/lib/amd64/libzip.so
7f187b55f000-7f187b560000 r--p 00006000 08:07 8001544                    /usr/lib/jvm/java-6-openjdk/jre/lib/amd64/libzip.so
7f187b560000-7f187b561000 rw-p 00007000 08:07 8001544                    /usr/lib/jvm/java-6-openjdk/jre/lib/amd64/libzip.so
7f187b561000-7f187b56d000 r-xp 00000000 08:07 5770965                    /lib/x86_64-linux-gnu/libnss_files-2.13.so
7f187b56d000-7f187b76c000 ---p 0000c000 08:07 5770965                    /lib/x86_64-linux-gnu/libnss_files-2.13.so
7f187b76c000-7f187b76d000 r--p 0000b000 08:07 5770965                    /lib/x86_64-linux-gnu/libnss_files-2.13.so
7f187b76d000-7f187b76e000 rw-p 0000c000 08:07 5770965                    /lib/x86_64-linux-gnu/libnss_files-2.13.so
7f187b76e000-7f187b779000 r-xp 00000000 08:07 5770969                    /lib/x86_64-linux-gnu/libnss_nis-2.13.so
7f187b779000-7f187b978000 ---p 0000b000 08:07 5770969                    /lib/x86_64-linux-gnu/libnss_nis-2.13.so
7f187b978000-7f187b979000 r--p 0000a000 08:07 5770969                    /lib/x86_64-linux-gnu/libnss_nis-2.13.so
7f187b979000-7f187b97a000 rw-p 0000b000 08:07 5770969                    /lib/x86_64-linux-gnu/libnss_nis-2.13.so
7f187b97a000-7f187b982000 r-xp 00000000 08:07 5770961                    /lib/x86_64-linux-gnu/libnss_compat-2.13.so
7f187b982000-7f187bb81000 ---p 00008000 08:07 5770961                    /lib/x86_64-linux-gnu/libnss_compat-2.13.so
7f187bb81000-7f187bb82000 r--p 00007000 08:07 5770961                    /lib/x86_64-linux-gnu/libnss_compat-2.13.so
7f187bb82000-7f187bb83000 rw-p 00008000 08:07 5770961                    /lib/x86_64-linux-gnu/libnss_compat-2.13.so
7f187bb83000-7f187bb9a000 r-xp 00000000 08:07 5770959                    /lib/x86_64-linux-gnu/libnsl-2.13.so
7f187bb9a000-7f187bd99000 ---p 00017000 08:07 5770959                    /lib/x86_64-linux-gnu/libnsl-2.13.so
7f187bd99000-7f187bd9a000 r--p 00016000 08:07 5770959                    /lib/x86_64-linux-gnu/libnsl-2.13.so
7f187bd9a000-7f187bd9b000 rw-p 00017000 08:07 5770959                    /lib/x86_64-linux-gnu/libnsl-2.13.so
7f187bd9b000-7f187bd9d000 rw-p 00000000 00:00 0 
7f187bd9d000-7f187bdc9000 r-xp 00000000 08:07 8001542                    /usr/lib/jvm/java-6-openjdk/jre/lib/amd64/libjava.so
7f187bdc9000-7f187bfc8000 ---p 0002c000 08:07 8001542                    /usr/lib/jvm/java-6-openjdk/jre/lib/amd64/libjava.so
7f187bfc8000-7f187bfc9000 r--p 0002b000 08:07 8001542                    /usr/lib/jvm/java-6-openjdk/jre/lib/amd64/libjava.so
7f187bfc9000-7f187bfcc000 rw-p 0002c000 08:07 8001542                    /usr/lib/jvm/java-6-openjdk/jre/lib/amd64/libjava.so
7f187bfcc000-7f187bfda000 r-xp 00000000 08:07 8001514                    /usr/lib/jvm/java-6-openjdk/jre/lib/amd64/libverify.so
7f187bfda000-7f187c1d9000 ---p 0000e000 08:07 8001514                    /usr/lib/jvm/java-6-openjdk/jre/lib/amd64/libverify.so
7f187c1d9000-7f187c1db000 r--p 0000d000 08:07 8001514                    /usr/lib/jvm/java-6-openjdk/jre/lib/amd64/libverify.so
7f187c1db000-7f187c1dc000 rw-p 0000f000 08:07 8001514                    /usr/lib/jvm/java-6-openjdk/jre/lib/amd64/libverify.so
7f187c1dc000-7f187c1e3000 r-xp 00000000 08:07 5770988                    /lib/x86_64-linux-gnu/librt-2.13.so
7f187c1e3000-7f187c3e2000 ---p 00007000 08:07 5770988                    /lib/x86_64-linux-gnu/librt-2.13.so
7f187c3e2000-7f187c3e3000 r--p 00006000 08:07 5770988                    /lib/x86_64-linux-gnu/librt-2.13.so
7f187c3e3000-7f187c3e4000 rw-p 00007000 08:07 5770988                    /lib/x86_64-linux-gnu/librt-2.13.so
7f187c3e4000-7f187c3f9000 r-xp 00000000 08:07 5770947                    /lib/x86_64-linux-gnu/libgcc_s.so.1
7f187c3f9000-7f187c5f8000 ---p 00015000 08:07 5770947                    /lib/x86_64-linux-gnu/libgcc_s.so.1
7f187c5f8000-7f187c5f9000 r--p 00014000 08:07 5770947                    /lib/x86_64-linux-gnu/libgcc_s.so.1
7f187c5f9000-7f187c5fa000 rw-p 00015000 08:07 5770947                    /lib/x86_64-linux-gnu/libgcc_s.so.1
7f187c5fa000-7f187c67e000 r-xp 00000000 08:07 5770956                    /lib/x86_64-linux-gnu/libm-2.13.so
7f187c67e000-7f187c87d000 ---p 00084000 08:07 5770956                    /lib/x86_64-linux-gnu/libm-2.13.so
7f187c87d000-7f187c87e000 r--p 00083000 08:07 5770956                    /lib/x86_64-linux-gnu/libm-2.13.so
7f187c87e000-7f187c87f000 rw-p 00084000 08:07 5770956                    /lib/x86_64-linux-gnu/libm-2.13.so
7f187c87f000-7f187c967000 r-xp 00000000 08:07 6824301                    /usr/lib/x86_64-linux-gnu/libstdc++.so.6.0.14
7f187c967000-7f187cb66000 ---p 000e8000 08:07 6824301                    /usr/lib/x86_64-linux-gnu/libstdc++.so.6.0.14
7f187cb66000-7f187cb6e000 r--p 000e7000 08:07 6824301                    /usr/lib/x86_64-linux-gnu/libstdc++.so.6.0.14
7f187cb6e000-7f187cb70000 rw-p 000ef000 08:07 6824301                    /usr/lib/x86_64-linux-gnu/libstdc++.so.6.0.14
7f187cb70000-7f187cb85000 rw-p 00000000 00:00 0 
7f187cb85000-7f187d4da000 r-xp 00000000 08:07 8001548                    /usr/lib/jvm/java-6-openjdk/jre/lib/amd64/server/libjvm.so
7f187d4da000-7f187d6d9000 ---p 00955000 08:07 8001548                    /usr/lib/jvm/java-6-openjdk/jre/lib/amd64/server/libjvm.so
7f187d6d9000-7f187d75a000 r--p 00954000 08:07 8001548                    /usr/lib/jvm/java-6-openjdk/jre/lib/amd64/server/libjvm.so
7f187d75a000-7f187d775000 rw-p 009d5000 08:07 8001548                    /usr/lib/jvm/java-6-openjdk/jre/lib/amd64/server/libjvm.so
7f187d775000-7f187d79e000 rw-p 00000000 00:00 0 
7f187d79e000-7f187d928000 r-xp 00000000 08:07 5770919                    /lib/x86_64-linux-gnu/libc-2.13.so
7f187d928000-7f187db27000 ---p 0018a000 08:07 5770919                    /lib/x86_64-linux-gnu/libc-2.13.so
7f187db27000-7f187db2b000 r--p 00189000 08:07 5770919                    /lib/x86_64-linux-gnu/libc-2.13.so
7f187db2b000-7f187db2c000 rw-p 0018d000 08:07 5770919                    /lib/x86_64-linux-gnu/libc-2.13.so
7f187db2c000-7f187db32000 rw-p 00000000 00:00 0 
7f187db32000-7f187db34000 r-xp 00000000 08:07 5770929                    /lib/x86_64-linux-gnu/libdl-2.13.so
7f187db34000-7f187dd34000 ---p 00002000 08:07 5770929                    /lib/x86_64-linux-gnu/libdl-2.13.so
7f187dd34000-7f187dd35000 r--p 00002000 08:07 5770929                    /lib/x86_64-linux-gnu/libdl-2.13.so
7f187dd35000-7f187dd36000 rw-p 00003000 08:07 5770929                    /lib/x86_64-linux-gnu/libdl-2.13.so
7f187dd36000-7f187dd3a000 r-xp 00000000 08:07 8001510                    /usr/lib/jvm/java-6-openjdk/jre/lib/amd64/jli/libjli.so
7f187dd3a000-7f187df39000 ---p 00004000 08:07 8001510                    /usr/lib/jvm/java-6-openjdk/jre/lib/amd64/jli/libjli.so
7f187df39000-7f187df3a000 r--p 00003000 08:07 8001510                    /usr/lib/jvm/java-6-openjdk/jre/lib/amd64/jli/libjli.so
7f187df3a000-7f187df3b000 rw-p 00004000 08:07 8001510                    /usr/lib/jvm/java-6-openjdk/jre/lib/amd64/jli/libjli.so
7f187df3b000-7f187df53000 r-xp 00000000 08:07 5770984                    /lib/x86_64-linux-gnu/libpthread-2.13.so
7f187df53000-7f187e153000 ---p 00018000 08:07 5770984                    /lib/x86_64-linux-gnu/libpthread-2.13.so
7f187e153000-7f187e154000 r--p 00018000 08:07 5770984                    /lib/x86_64-linux-gnu/libpthread-2.13.so
7f187e154000-7f187e155000 rw-p 00019000 08:07 5770984                    /lib/x86_64-linux-gnu/libpthread-2.13.so
7f187e155000-7f187e159000 rw-p 00000000 00:00 0 
7f187e159000-7f187e170000 r-xp 00000000 08:07 5771002                    /lib/x86_64-linux-gnu/libz.so.1.2.3.4
7f187e170000-7f187e36f000 ---p 00017000 08:07 5771002                    /lib/x86_64-linux-gnu/libz.so.1.2.3.4
7f187e36f000-7f187e370000 r--p 00016000 08:07 5771002                    /lib/x86_64-linux-gnu/libz.so.1.2.3.4
7f187e370000-7f187e371000 rw-p 00017000 08:07 5771002                    /lib/x86_64-linux-gnu/libz.so.1.2.3.4
7f187e371000-7f187e392000 r-xp 00000000 08:07 5770906                    /lib/x86_64-linux-gnu/ld-2.13.so
7f187e3a2000-7f187e3ac000 rw-p 00000000 00:00 0 
7f187e3ac000-7f187e462000 rw-p 00000000 00:00 0 
7f187e462000-7f187e465000 ---p 00000000 00:00 0 
7f187e465000-7f187e568000 rw-p 00000000 00:00 0 
7f187e585000-7f187e58d000 rw-s 00000000 08:07 9963251                    /tmp/hsperfdata_qlong/2965
7f187e58d000-7f187e58e000 rw-p 00000000 00:00 0 
7f187e58e000-7f187e58f000 r--p 00000000 00:00 0 
7f187e58f000-7f187e591000 rw-p 00000000 00:00 0 
7f187e591000-7f187e592000 r--p 00020000 08:07 5770906                    /lib/x86_64-linux-gnu/ld-2.13.so
7f187e592000-7f187e594000 rw-p 00021000 08:07 5770906                    /lib/x86_64-linux-gnu/ld-2.13.so
7fff2fb16000-7fff2fb37000 rw-p 00000000 00:00 0                          [stack]
7fff2fbff000-7fff2fc00000 r-xp 00000000 00:00 0                          [vdso]
ffffffffff600000-ffffffffff601000 r-xp 00000000 00:00 0                  [vsyscall]

VM Arguments:
jvm_args: -Dfile.encoding=UTF-8 -Xbootclasspath:/home/qlong/android-sdks/platforms/android-10/android.jar 
java_command: com.sample.test.Main
Launcher Type: SUN_STANDARD

Environment Variables:
JAVA_HOME=/usr/lib/jvm/java-6-sun/jre
PATH=/usr/local/sbin:/usr/local/bin:/usr/sbin:/usr/bin:/sbin:/bin:/usr/games:/usr/bin/mh:/home/qlong/android-sdk-linux_x86/tools:/home/qlong/android-sdk-linux_x86/platform-tools
USERNAME=qlong
LD_LIBRARY_PATH=/usr/lib/jvm/java-6-openjdk/jre/lib/amd64/server:/usr/lib/jvm/java-6-openjdk/jre/lib/amd64:/usr/lib/jvm/java-6-openjdk/jre/../lib/amd64
SHELL=/bin/bash
DISPLAY=:0
HOSTTYPE=linux

Signal Handlers:
SIGSEGV: [libjvm.so+0x7d0fd0], sa_mask[0]=0x7ffbfeff, sa_flags=0x10000004
SIGBUS: [libjvm.so+0x7d0fd0], sa_mask[0]=0x7ffbfeff, sa_flags=0x10000004
SIGFPE: [libjvm.so+0x6837d0], sa_mask[0]=0x7ffbfeff, sa_flags=0x10000004
SIGPIPE: [libjvm.so+0x6837d0], sa_mask[0]=0x7ffbfeff, sa_flags=0x10000004
SIGXFSZ: [libjvm.so+0x6837d0], sa_mask[0]=0x7ffbfeff, sa_flags=0x10000004
SIGILL: [libjvm.so+0x6837d0], sa_mask[0]=0x7ffbfeff, sa_flags=0x10000004
SIGUSR1: SIG_DFL, sa_mask[0]=0x00000000, sa_flags=0x00000000
SIGUSR2: [libjvm.so+0x6839a0], sa_mask[0]=0x00000004, sa_flags=0x10000004
SIGHUP: SIG_DFL, sa_mask[0]=0x00000000, sa_flags=0x00000000
SIGINT: SIG_DFL, sa_mask[0]=0x00000000, sa_flags=0x00000000
SIGTERM: SIG_DFL, sa_mask[0]=0x00000000, sa_flags=0x00000000
SIGQUIT: SIG_DFL, sa_mask[0]=0x00000000, sa_flags=0x00000000


---------------  S Y S T E M  ---------------

OS:Ubuntu 11.04 (natty)
uname:Linux 2.6.38-13-generic #53-Ubuntu SMP Mon Nov 28 19:33:45 UTC 2011 x86_64
libc:glibc 2.13 NPTL 2.13 
rlimit: STACK 8192k, CORE 0k, NPROC infinity, NOFILE 4096, AS infinity
load average:0.16 0.68 0.49

/proc/meminfo:
MemTotal:        8052540 kB
MemFree:         4927880 kB
Buffers:          564588 kB
Cached:          1159788 kB
SwapCached:            0 kB
Active:          1284148 kB
Inactive:        1458080 kB
Active(anon):    1018748 kB
Inactive(anon):     4332 kB
Active(file):     265400 kB
Inactive(file):  1453748 kB
Unevictable:          32 kB
Mlocked:              32 kB
SwapTotal:       8244220 kB
SwapFree:        8244220 kB
Dirty:                92 kB
Writeback:             0 kB
AnonPages:       1017880 kB
Mapped:           180352 kB
Shmem:              5404 kB
Slab:             109192 kB
SReclaimable:      80660 kB
SUnreclaim:        28532 kB
KernelStack:        3552 kB
PageTables:        31588 kB
NFS_Unstable:          0 kB
Bounce:                0 kB
WritebackTmp:          0 kB
CommitLimit:    12270488 kB
Committed_AS:    3071336 kB
VmallocTotal:   34359738367 kB
VmallocUsed:      156284 kB
VmallocChunk:   34359575228 kB
HardwareCorrupted:     0 kB
HugePages_Total:       0
HugePages_Free:        0
HugePages_Rsvd:        0
HugePages_Surp:        0
Hugepagesize:       2048 kB
DirectMap4k:      127356 kB
DirectMap2M:     8185856 kB


CPU:total 4 (2 cores per cpu, 2 threads per core) family 6 model 37 stepping 2, cmov, cx8, fxsr, mmx, sse, sse2, sse3, ssse3, sse4.1, sse4.2, popcnt, ht

Memory: 4k page, physical 8052540k(4927880k free), swap 8244220k(8244220k free)

vm_info: OpenJDK 64-Bit Server VM (20.0-b11) for linux-amd64 JRE (1.6.0_22-b22), built on Oct 25 2011 06:09:07 by "buildd" with gcc 4.5.2

time: Fri Jan 13 01:54:33 2012
elapsed time: 0 seconds

